<?xml version="1.0" encoding="UTF-8"?>
<!-- Generated by org.testng.reporters.JUnitXMLReporter -->
<testsuite hostname="DMM-G8142GWQ" failures="1" tests="2" name="Default test" time="22.07" errors="0" timestamp="17 Apr 2024 17:15:23 GMT">
  <testcase classname="Cucumber.TestNGTestRunner" name="runScenario" time="4.92">
    <failure type="java.lang.NullPointerException" message="Cannot invoke &amp;quot;SeleniumFrameworkDesign.PageObject.ComfirmationPage.verifycomfirmationMessage()&amp;quot; because &amp;quot;this.comfirmationpage&amp;quot; is null">
      <![CDATA[java.lang.NullPointerException: Cannot invoke "SeleniumFrameworkDesign.PageObject.ComfirmationPage.verifycomfirmationMessage()" because "this.comfirmationpage" is null
	at SeleniumFrameworkDesign.stepDefinitions.StepDefinitionImp.message_is_displayed_on_ConfirmationPage(StepDefinitionImp.java:62)
	at âœ½."Incorrect email or password." message is displayed on ConfirmationPage(file:///D:/new%20project/SeleniumFrameworkDesign/src/test/java/Cucumber/Errorvalidation.feature:12)
]]>
    </failure>
  </testcase> <!-- runScenario -->
  <testcase classname="Cucumber.TestNGTestRunner" name="runScenario" time="16.538"/>
</testsuite> <!-- Default test -->
