<?xml version="1.0" encoding="UTF-8"?>
<!-- Generated by org.testng.reporters.JUnitXMLReporter -->
<testsuite hostname="DMM-G8142GWQ" failures="2" tests="2" name="ErrorMessage" time="13.532" errors="0" timestamp="17 Apr 2024 06:23:15 GMT">
  <testcase classname="SeleniumFrameworkDesign.ErrorMessage" name="VerifyProcutpageErrorMessage" time="2.25">
    <failure type="java.lang.AssertionError" message="expected [false] but found [true]">
      <![CDATA[java.lang.AssertionError: expected [false] but found [true]
	at SeleniumFrameworkDesign.ErrorMessage.VerifyProcutpageErrorMessage(ErrorMessage.java:41)
... Removed 28 stack frames]]>
    </failure>
  </testcase> <!-- VerifyProcutpageErrorMessage -->
  <testcase classname="SeleniumFrameworkDesign.ErrorMessage" name="verifyErrorMessage" time="0.479">
    <failure type="java.lang.AssertionError" message="expected [Incorrect email or password.] but found [Incorrect email password.]">
      <![CDATA[java.lang.AssertionError: expected [Incorrect email or password.] but found [Incorrect email password.]
	at SeleniumFrameworkDesign.ErrorMessage.verifyErrorMessage(ErrorMessage.java:26)
... Removed 29 stack frames]]>
    </failure>
  </testcase> <!-- verifyErrorMessage -->
</testsuite> <!-- ErrorMessage -->
