<?xml version="1.0" encoding="UTF-8"?>
<!-- Generated by org.testng.reporters.JUnitReportReporter -->
<testsuite hostname="DMM-G8142GWQ" failures="1" tests="2" name="Cucumber.TestNGTestRunner" time="21.458" errors="0" timestamp="17 Apr 2024 17:15:23 GMT">
  <testcase classname="Cucumber.TestNGTestRunner" name="runScenario" time="16.538"/>
  <testcase classname="Cucumber.TestNGTestRunner" name="runScenario" time="4.920">
    <failure message="Cannot invoke &quot;SeleniumFrameworkDesign.PageObject.ComfirmationPage.verifycomfirmationMessage()&quot; because &quot;this.comfirmationpage&quot; is null" type="java.lang.NullPointerException">
      <![CDATA[java.lang.NullPointerException: Cannot invoke "SeleniumFrameworkDesign.PageObject.ComfirmationPage.verifycomfirmationMessage()" because "this.comfirmationpage" is null
	at SeleniumFrameworkDesign.stepDefinitions.StepDefinitionImp.message_is_displayed_on_ConfirmationPage(StepDefinitionImp.java:62)
	at âœ½."Incorrect email or password." message is displayed on ConfirmationPage(file:///D:/new%20project/SeleniumFrameworkDesign/src/test/java/Cucumber/Errorvalidation.feature:12)
]]>
    </failure>
  </testcase> <!-- runScenario -->
</testsuite> <!-- Cucumber.TestNGTestRunner -->
